<?xml version="1.0" encoding="UTF-8"?>
<!-- Generated by org.testng.reporters.JUnitXMLReporter -->
<testsuite ignored="0" hostname="Sadanand" failures="0" tests="9" name="Default test" time="180.858" errors="0" timestamp="2024-09-29T21:38:03 IST">
  <testcase classname="com.tests.logintest" name="Validatelogo" time="5.107"/>
  <testcase classname="com.tests.logintest" name="validateTitle" time="0.051"/>
  <testcase classname="com.tests.logintest" name="ValidateURL" time="0.025"/>
  <testcase classname="com.tests.logintest" name="validateSuccessfullLogin" time="12.36"/>
  <testcase classname="com.tests.logintest" name="ValidateloginwithBlankCredentials" time="1.253"/>
  <testcase classname="com.tests.logintest" name="Validateloginwithblankpass" time="1.062"/>
  <testcase classname="com.tests.logintest" name="ValidateloginwithblankUsername" time="1.19"/>
  <testcase classname="com.tests.logintest" name="validateloginwithinvalidcredentials" time="4.052"/>
  <testcase classname="com.tests.logintest" name="Validateclickonforgottenpasslink" time="2.018"/>
</testsuite> <!-- Default test -->
