<?xml version="1.0" encoding="UTF-8"?>
<testng-results ignored="0" total="9" passed="9" failed="0" skipped="0">
  <reporter-output>
  </reporter-output>
  <suite started-at="2024-09-29T21:35:02 IST" name="Default suite" finished-at="2024-09-29T21:38:03 IST" duration-ms="180858">
    <groups>
    </groups>
    <test started-at="2024-09-29T21:35:02 IST" name="Default test" finished-at="2024-09-29T21:38:03 IST" duration-ms="180858">
      <class name="com.tests.logintest">
        <test-method is-config="true" signature="SetUP()[pri:0, instance:com.tests.logintest@2af004b]" started-at="2024-09-29T21:35:03 IST" name="SetUP" finished-at="2024-09-29T21:35:19 IST" duration-ms="16932" status="PASS">
          <reporter-output>
          </reporter-output>
        </test-method> <!-- SetUP -->
        <test-method signature="Validatelogo()[pri:1, instance:com.tests.logintest@2af004b]" started-at="2024-09-29T21:35:19 IST" name="Validatelogo" finished-at="2024-09-29T21:35:25 IST" duration-ms="5107" status="PASS">
          <reporter-output>
          </reporter-output>
        </test-method> <!-- Validatelogo -->
        <test-method is-config="true" signature="TearDown()[pri:0, instance:com.tests.logintest@2af004b]" started-at="2024-09-29T21:35:25 IST" name="TearDown" finished-at="2024-09-29T21:35:27 IST" duration-ms="2623" status="PASS">
          <reporter-output>
          </reporter-output>
        </test-method> <!-- TearDown -->
        <test-method is-config="true" signature="SetUP()[pri:0, instance:com.tests.logintest@2af004b]" started-at="2024-09-29T21:35:27 IST" name="SetUP" finished-at="2024-09-29T21:35:43 IST" duration-ms="15372" status="PASS">
          <reporter-output>
          </reporter-output>
        </test-method> <!-- SetUP -->
        <test-method signature="validateTitle()[pri:2, instance:com.tests.logintest@2af004b]" started-at="2024-09-29T21:35:43 IST" name="validateTitle" finished-at="2024-09-29T21:35:43 IST" duration-ms="51" status="PASS">
          <reporter-output>
          </reporter-output>
        </test-method> <!-- validateTitle -->
        <test-method is-config="true" signature="TearDown()[pri:0, instance:com.tests.logintest@2af004b]" started-at="2024-09-29T21:35:43 IST" name="TearDown" finished-at="2024-09-29T21:35:44 IST" duration-ms="1640" status="PASS">
          <reporter-output>
          </reporter-output>
        </test-method> <!-- TearDown -->
        <test-method is-config="true" signature="SetUP()[pri:0, instance:com.tests.logintest@2af004b]" started-at="2024-09-29T21:35:44 IST" name="SetUP" finished-at="2024-09-29T21:35:59 IST" duration-ms="14365" status="PASS">
          <reporter-output>
          </reporter-output>
        </test-method> <!-- SetUP -->
        <test-method signature="ValidateURL()[pri:3, instance:com.tests.logintest@2af004b]" started-at="2024-09-29T21:35:59 IST" name="ValidateURL" finished-at="2024-09-29T21:35:59 IST" duration-ms="25" status="PASS">
          <reporter-output>
          </reporter-output>
        </test-method> <!-- ValidateURL -->
        <test-method is-config="true" signature="TearDown()[pri:0, instance:com.tests.logintest@2af004b]" started-at="2024-09-29T21:35:59 IST" name="TearDown" finished-at="2024-09-29T21:36:00 IST" duration-ms="1424" status="PASS">
          <reporter-output>
          </reporter-output>
        </test-method> <!-- TearDown -->
        <test-method is-config="true" signature="SetUP()[pri:0, instance:com.tests.logintest@2af004b]" started-at="2024-09-29T21:36:00 IST" name="SetUP" finished-at="2024-09-29T21:36:14 IST" duration-ms="13867" status="PASS">
          <reporter-output>
          </reporter-output>
        </test-method> <!-- SetUP -->
        <test-method signature="validateSuccessfullLogin()[pri:4, instance:com.tests.logintest@2af004b]" started-at="2024-09-29T21:36:14 IST" name="validateSuccessfullLogin" finished-at="2024-09-29T21:36:26 IST" duration-ms="12360" status="PASS">
          <reporter-output>
          </reporter-output>
        </test-method> <!-- validateSuccessfullLogin -->
        <test-method is-config="true" signature="TearDown()[pri:0, instance:com.tests.logintest@2af004b]" started-at="2024-09-29T21:36:26 IST" name="TearDown" finished-at="2024-09-29T21:36:28 IST" duration-ms="1550" status="PASS">
          <reporter-output>
          </reporter-output>
        </test-method> <!-- TearDown -->
        <test-method is-config="true" signature="SetUP()[pri:0, instance:com.tests.logintest@2af004b]" started-at="2024-09-29T21:36:28 IST" name="SetUP" finished-at="2024-09-29T21:36:46 IST" duration-ms="18408" status="PASS">
          <reporter-output>
          </reporter-output>
        </test-method> <!-- SetUP -->
        <test-method signature="ValidateloginwithBlankCredentials()[pri:5, instance:com.tests.logintest@2af004b]" started-at="2024-09-29T21:36:46 IST" name="ValidateloginwithBlankCredentials" finished-at="2024-09-29T21:36:48 IST" duration-ms="1253" status="PASS">
          <reporter-output>
          </reporter-output>
        </test-method> <!-- ValidateloginwithBlankCredentials -->
        <test-method is-config="true" signature="TearDown()[pri:0, instance:com.tests.logintest@2af004b]" started-at="2024-09-29T21:36:48 IST" name="TearDown" finished-at="2024-09-29T21:36:49 IST" duration-ms="1247" status="PASS">
          <reporter-output>
          </reporter-output>
        </test-method> <!-- TearDown -->
        <test-method is-config="true" signature="SetUP()[pri:0, instance:com.tests.logintest@2af004b]" started-at="2024-09-29T21:36:49 IST" name="SetUP" finished-at="2024-09-29T21:37:04 IST" duration-ms="15698" status="PASS">
          <reporter-output>
          </reporter-output>
        </test-method> <!-- SetUP -->
        <test-method signature="Validateloginwithblankpass()[pri:6, instance:com.tests.logintest@2af004b]" started-at="2024-09-29T21:37:04 IST" name="Validateloginwithblankpass" finished-at="2024-09-29T21:37:06 IST" duration-ms="1062" status="PASS">
          <reporter-output>
          </reporter-output>
        </test-method> <!-- Validateloginwithblankpass -->
        <test-method is-config="true" signature="TearDown()[pri:0, instance:com.tests.logintest@2af004b]" started-at="2024-09-29T21:37:06 IST" name="TearDown" finished-at="2024-09-29T21:37:07 IST" duration-ms="1439" status="PASS">
          <reporter-output>
          </reporter-output>
        </test-method> <!-- TearDown -->
        <test-method is-config="true" signature="SetUP()[pri:0, instance:com.tests.logintest@2af004b]" started-at="2024-09-29T21:37:07 IST" name="SetUP" finished-at="2024-09-29T21:37:25 IST" duration-ms="18208" status="PASS">
          <reporter-output>
          </reporter-output>
        </test-method> <!-- SetUP -->
        <test-method signature="ValidateloginwithblankUsername()[pri:7, instance:com.tests.logintest@2af004b]" started-at="2024-09-29T21:37:25 IST" name="ValidateloginwithblankUsername" finished-at="2024-09-29T21:37:26 IST" duration-ms="1190" status="PASS">
          <reporter-output>
          </reporter-output>
        </test-method> <!-- ValidateloginwithblankUsername -->
        <test-method is-config="true" signature="TearDown()[pri:0, instance:com.tests.logintest@2af004b]" started-at="2024-09-29T21:37:26 IST" name="TearDown" finished-at="2024-09-29T21:37:28 IST" duration-ms="1167" status="PASS">
          <reporter-output>
          </reporter-output>
        </test-method> <!-- TearDown -->
        <test-method is-config="true" signature="SetUP()[pri:0, instance:com.tests.logintest@2af004b]" started-at="2024-09-29T21:37:28 IST" name="SetUP" finished-at="2024-09-29T21:37:40 IST" duration-ms="12645" status="PASS">
          <reporter-output>
          </reporter-output>
        </test-method> <!-- SetUP -->
        <test-method signature="validateloginwithinvalidcredentials()[pri:8, instance:com.tests.logintest@2af004b]" started-at="2024-09-29T21:37:40 IST" name="validateloginwithinvalidcredentials" finished-at="2024-09-29T21:37:44 IST" duration-ms="4052" status="PASS">
          <reporter-output>
          </reporter-output>
        </test-method> <!-- validateloginwithinvalidcredentials -->
        <test-method is-config="true" signature="TearDown()[pri:0, instance:com.tests.logintest@2af004b]" started-at="2024-09-29T21:37:44 IST" name="TearDown" finished-at="2024-09-29T21:37:46 IST" duration-ms="1298" status="PASS">
          <reporter-output>
          </reporter-output>
        </test-method> <!-- TearDown -->
        <test-method is-config="true" signature="SetUP()[pri:0, instance:com.tests.logintest@2af004b]" started-at="2024-09-29T21:37:46 IST" name="SetUP" finished-at="2024-09-29T21:38:00 IST" duration-ms="14567" status="PASS">
          <reporter-output>
          </reporter-output>
        </test-method> <!-- SetUP -->
        <test-method signature="Validateclickonforgottenpasslink()[pri:9, instance:com.tests.logintest@2af004b]" started-at="2024-09-29T21:38:00 IST" name="Validateclickonforgottenpasslink" finished-at="2024-09-29T21:38:02 IST" duration-ms="2018" status="PASS">
          <reporter-output>
          </reporter-output>
        </test-method> <!-- Validateclickonforgottenpasslink -->
        <test-method is-config="true" signature="TearDown()[pri:0, instance:com.tests.logintest@2af004b]" started-at="2024-09-29T21:38:02 IST" name="TearDown" finished-at="2024-09-29T21:38:03 IST" duration-ms="1200" status="PASS">
          <reporter-output>
          </reporter-output>
        </test-method> <!-- TearDown -->
      </class> <!-- com.tests.logintest -->
    </test> <!-- Default test -->
  </suite> <!-- Default suite -->
</testng-results>
